app/build/intermediates/manifest_merge_blame_file/debug/manifest-merger-blame-debug-report.txt
1<?xml version="1.0" encoding="utf-8"?>
2<manifest xmlns:android="http://schemas.android.com/apk/res/android"
3    package="org.hdm.app.sambia"
4    android:versionCode="1"
5    android:versionName="1.0" >
6
7    <uses-sdk
8        android:minSdkVersion="16"
8-->src/main/AndroidManifest.xml
9        android:targetSdkVersion="30" />
9-->src/main/AndroidManifest.xml
10
11    <uses-permission android:name="android.permission.WRITE_EXTERNAL_STORAGE" />
11-->src/main/AndroidManifest.xml:5:5-81
11-->src/main/AndroidManifest.xml:5:22-78
12    <uses-permission android:name="android.permission.READ_EXTERNAL_STORAGE" />
12-->src/main/AndroidManifest.xml:6:5-80
12-->src/main/AndroidManifest.xml:6:22-77
13    <uses-permission android:name="android.permission.INTERNET" />
13-->src/main/AndroidManifest.xml:7:5-67
13-->src/main/AndroidManifest.xml:7:22-64
14
15    <application
15-->src/main/AndroidManifest.xml:9:5-34:19
16        android:name="org.hdm.app.timetracker.MyApplication"
16-->src/main/AndroidManifest.xml:10:9-38
17        android:allowBackup="true"
17-->src/main/AndroidManifest.xml:11:9-35
18        android:appComponentFactory="androidx.core.app.CoreComponentFactory"
18-->[androidx.core:core:1.0.0] AndroidManifest.xml:22:18-86
19        android:debuggable="true"
20        android:icon="@mipmap/ic_launcher"
20-->src/main/AndroidManifest.xml:12:9-43
21        android:label="@string/app_name"
21-->src/main/AndroidManifest.xml:13:9-41
22        android:requestLegacyExternalStorage="true"
22-->src/main/AndroidManifest.xml:14:9-52
23        android:supportsRtl="true"
23-->src/main/AndroidManifest.xml:16:9-35
24        android:theme="@style/AppTheme"
24-->src/main/AndroidManifest.xml:17:9-40
25        android:usesCleartextTraffic="true" >
25-->src/main/AndroidManifest.xml:15:9-44
26        <activity
26-->src/main/AndroidManifest.xml:19:9-33:20
27            android:name="org.hdm.app.timetracker.main.MainActivity"
27-->src/main/AndroidManifest.xml:20:13-69
28            android:configChanges="orientation"
28-->src/main/AndroidManifest.xml:21:13-48
29            android:label="@string/app_name"
29-->src/main/AndroidManifest.xml:22:13-45
30            android:screenOrientation="portrait"
30-->src/main/AndroidManifest.xml:23:13-49
31            android:theme="@style/AppTheme.NoActionBar" >
31-->src/main/AndroidManifest.xml:24:13-56
32            <intent-filter>
32-->src/main/AndroidManifest.xml:25:13-32:29
33                <action android:name="android.intent.action.MAIN" />
33-->src/main/AndroidManifest.xml:26:17-69
33-->src/main/AndroidManifest.xml:26:25-66
34
35                <category android:name="android.intent.category.LAUNCHER" />
35-->src/main/AndroidManifest.xml:28:17-77
35-->src/main/AndroidManifest.xml:28:27-74
36                <category android:name="android.intent.category.HOME" />
36-->src/main/AndroidManifest.xml:29:17-73
36-->src/main/AndroidManifest.xml:29:27-70
37                <category android:name="android.intent.category.DEFAULT" />
37-->src/main/AndroidManifest.xml:30:17-76
37-->src/main/AndroidManifest.xml:30:27-73
38                <category android:name="android.intent.category.MENU" />
38-->src/main/AndroidManifest.xml:31:17-73
38-->src/main/AndroidManifest.xml:31:27-70
39            </intent-filter>
40        </activity>
41    </application>
42
43</manifest>